Ann. Rev. Biophys. Biophys. Chem
Archiv für mikroskopische Anatomie
Biomedical Engineering: Applications, Basis and Communications
Cooking Science
J.Phys.Chem.
Journal of Fluid Mechanics
Methods in cell biology
Methods in enzymology
Molecular and Cellular Biology
Monthly Notices of the Royal Astronomical Society
Nature
Nature Methods
Nature methods
Nucleic Acids Research A
Optica Acta:
Optica Acta: International Journal of Optics
Optics Express
Pharmaceutical Research
Physical Review A
Physical Review B
Physical Review Letters
Review of Modern Physics
Review of Scientific Instruments
Science
